2021-04-18 14:43:36.786  INFO 19408 --- [main] com.cg.surveyportal.QuestionTests        : Starting QuestionTests using Java 13.0.2 on Predator with PID 19408 (started by P_Moitra in C:\Users\P_Moitra\git\repository\surveyportal\com-cg-surveyportal)
2021-04-18 14:43:36.788  INFO 19408 --- [main] com.cg.surveyportal.QuestionTests        : No active profile set, falling back to default profiles: default
2021-04-18 14:43:37.746  INFO 19408 --- [main] .s.d.r.c.RepositoryConfigurationDelegate : Bootstrapping Spring Data JPA repositories in DEFAULT mode.
2021-04-18 14:43:37.824  INFO 19408 --- [main] .s.d.r.c.RepositoryConfigurationDelegate : Finished Spring Data repository scanning in 71 ms. Found 7 JPA repository interfaces.
2021-04-18 14:43:38.799  INFO 19408 --- [main] o.hibernate.jpa.internal.util.LogHelper  : HHH000204: Processing PersistenceUnitInfo [name: default]
2021-04-18 14:43:38.857  INFO 19408 --- [main] org.hibernate.Version                    : HHH000412: Hibernate ORM core version 5.4.29.Final
2021-04-18 14:43:38.897  INFO 19408 --- [main] o.hibernate.annotations.common.Version   : HCANN000001: Hibernate Commons Annotations {5.1.2.Final}
2021-04-18 14:43:39.155  INFO 19408 --- [main] com.zaxxer.hikari.HikariDataSource       : HikariPool-1 - Starting...
2021-04-18 14:43:39.372  INFO 19408 --- [main] com.zaxxer.hikari.HikariDataSource       : HikariPool-1 - Start completed.
2021-04-18 14:43:39.391  INFO 19408 --- [main] org.hibernate.dialect.Dialect            : HHH000400: Using dialect: org.hibernate.dialect.Oracle10gDialect
2021-04-18 14:43:40.030  INFO 19408 --- [main] o.h.e.t.j.p.i.JtaPlatformInitiator       : HHH000490: Using JtaPlatform implementation: [org.hibernate.engine.transaction.jta.platform.internal.NoJtaPlatform]
2021-04-18 14:43:40.037  INFO 19408 --- [main] j.LocalContainerEntityManagerFactoryBean : Initialized JPA EntityManagerFactory for persistence unit 'default'
2021-04-18 14:43:40.743  WARN 19408 --- [main] JpaBaseConfiguration$JpaWebConfiguration : spring.jpa.open-in-view is enabled by default. Therefore, database queries may be performed during view rendering. Explicitly configure spring.jpa.open-in-view to disable this warning
2021-04-18 14:43:41.048  INFO 19408 --- [main] pertySourcedRequestMappingHandlerMapping : Mapped URL path [/v2/api-docs] onto method [springfox.documentation.swagger2.web.Swagger2Controller#getDocumentation(String, HttpServletRequest)]
2021-04-18 14:43:41.305  INFO 19408 --- [main] o.s.s.concurrent.ThreadPoolTaskExecutor  : Initializing ExecutorService 'applicationTaskExecutor'
2021-04-18 14:43:41.629  INFO 19408 --- [main] d.s.w.p.DocumentationPluginsBootstrapper : Context refreshed
2021-04-18 14:43:41.646  INFO 19408 --- [main] d.s.w.p.DocumentationPluginsBootstrapper : Found 1 custom documentation plugin(s)
2021-04-18 14:43:41.668  INFO 19408 --- [main] s.d.s.w.s.ApiListingReferenceScanner     : Scanning for api listing references
2021-04-18 14:43:41.819  INFO 19408 --- [main] .d.s.w.r.o.CachingOperationNameGenerator : Generating unique operation named: getfindByIdUsingGET_1
2021-04-18 14:43:41.820  INFO 19408 --- [main] .d.s.w.r.o.CachingOperationNameGenerator : Generating unique operation named: removeByIdUsingDELETE_1
2021-04-18 14:43:41.840  INFO 19408 --- [main] .d.s.w.r.o.CachingOperationNameGenerator : Generating unique operation named: countRecordsUsingGET_1
2021-04-18 14:43:41.878  INFO 19408 --- [main] com.cg.surveyportal.QuestionTests        : Started QuestionTests in 5.4 seconds (JVM running for 6.768)
2021-04-18 14:43:41.989  INFO 19408 --- [SpringContextShutdownHook] o.s.s.concurrent.ThreadPoolTaskExecutor  : Shutting down ExecutorService 'applicationTaskExecutor'
2021-04-18 14:43:41.992  INFO 19408 --- [SpringContextShutdownHook] j.LocalContainerEntityManagerFactoryBean : Closing JPA EntityManagerFactory for persistence unit 'default'
2021-04-18 14:43:41.995  INFO 19408 --- [SpringContextShutdownHook] com.zaxxer.hikari.HikariDataSource       : HikariPool-1 - Shutdown initiated...
2021-04-18 14:43:42.004  INFO 19408 --- [SpringContextShutdownHook] com.zaxxer.hikari.HikariDataSource       : HikariPool-1 - Shutdown completed.
2021-04-18 14:44:31.616  INFO 25216 --- [restartedMain] c.c.s.SurveyportalApplication            : Starting SurveyportalApplication using Java 13.0.2 on Predator with PID 25216 (C:\Users\P_Moitra\git\repository\surveyportal\com-cg-surveyportal\bin\main started by P_Moitra in C:\Users\P_Moitra\git\repository\surveyportal\com-cg-surveyportal)
2021-04-18 14:44:31.618  INFO 25216 --- [restartedMain] c.c.s.SurveyportalApplication            : No active profile set, falling back to default profiles: default
2021-04-18 14:44:31.660  INFO 25216 --- [restartedMain] o.s.b.devtools.restart.ChangeableUrls    : The Class-Path manifest attribute in C:\Users\P_Moitra\.gradle\caches\modules-2\files-2.1\com.oracle.database.jdbc\ojdbc8\19.8.0.0\df9cff9b91c47d06b9a0482d566ee2d83a03e586\ojdbc8-19.8.0.0.jar referenced one or more files that do not exist: file:/C:/Users/P_Moitra/.gradle/caches/modules-2/files-2.1/com.oracle.database.jdbc/ojdbc8/19.8.0.0/df9cff9b91c47d06b9a0482d566ee2d83a03e586/oraclepki.jar
2021-04-18 14:44:31.660  INFO 25216 --- [restartedMain] .e.DevToolsPropertyDefaultsPostProcessor : Devtools property defaults active! Set 'spring.devtools.add-properties' to 'false' to disable
2021-04-18 14:44:31.661  INFO 25216 --- [restartedMain] .e.DevToolsPropertyDefaultsPostProcessor : For additional web related logging consider setting the 'logging.level.web' property to 'DEBUG'
2021-04-18 14:44:32.396  INFO 25216 --- [restartedMain] .s.d.r.c.RepositoryConfigurationDelegate : Bootstrapping Spring Data JPA repositories in DEFAULT mode.
2021-04-18 14:44:32.500  INFO 25216 --- [restartedMain] .s.d.r.c.RepositoryConfigurationDelegate : Finished Spring Data repository scanning in 95 ms. Found 7 JPA repository interfaces.
2021-04-18 14:44:33.253  INFO 25216 --- [restartedMain] o.s.b.w.embedded.tomcat.TomcatWebServer  : Tomcat initialized with port(s): 8070 (http)
2021-04-18 14:44:33.289  INFO 25216 --- [restartedMain] o.apache.catalina.core.StandardService   : Starting service [Tomcat]
2021-04-18 14:44:33.289  INFO 25216 --- [restartedMain] org.apache.catalina.core.StandardEngine  : Starting Servlet engine: [Apache Tomcat/9.0.44]
2021-04-18 14:44:33.384  INFO 25216 --- [restartedMain] o.a.c.c.C.[Tomcat].[localhost].[/]       : Initializing Spring embedded WebApplicationContext
2021-04-18 14:44:33.384  INFO 25216 --- [restartedMain] w.s.c.ServletWebServerApplicationContext : Root WebApplicationContext: initialization completed in 1722 ms
2021-04-18 14:44:33.610  INFO 25216 --- [restartedMain] o.hibernate.jpa.internal.util.LogHelper  : HHH000204: Processing PersistenceUnitInfo [name: default]
2021-04-18 14:44:33.656  INFO 25216 --- [restartedMain] org.hibernate.Version                    : HHH000412: Hibernate ORM core version 5.4.29.Final
2021-04-18 14:44:33.763  INFO 25216 --- [restartedMain] o.hibernate.annotations.common.Version   : HCANN000001: Hibernate Commons Annotations {5.1.2.Final}
2021-04-18 14:44:33.863  INFO 25216 --- [restartedMain] com.zaxxer.hikari.HikariDataSource       : HikariPool-1 - Starting...
2021-04-18 14:44:34.028  INFO 25216 --- [restartedMain] com.zaxxer.hikari.HikariDataSource       : HikariPool-1 - Start completed.
2021-04-18 14:44:34.040  INFO 25216 --- [restartedMain] org.hibernate.dialect.Dialect            : HHH000400: Using dialect: org.hibernate.dialect.Oracle10gDialect
2021-04-18 14:44:34.797  INFO 25216 --- [restartedMain] o.h.e.t.j.p.i.JtaPlatformInitiator       : HHH000490: Using JtaPlatform implementation: [org.hibernate.engine.transaction.jta.platform.internal.NoJtaPlatform]
2021-04-18 14:44:34.804  INFO 25216 --- [restartedMain] j.LocalContainerEntityManagerFactoryBean : Initialized JPA EntityManagerFactory for persistence unit 'default'
2021-04-18 14:44:34.818  INFO 25216 --- [restartedMain] o.s.b.d.a.OptionalLiveReloadServer       : LiveReload server is running on port 35729
2021-04-18 14:44:35.345  WARN 25216 --- [restartedMain] JpaBaseConfiguration$JpaWebConfiguration : spring.jpa.open-in-view is enabled by default. Therefore, database queries may be performed during view rendering. Explicitly configure spring.jpa.open-in-view to disable this warning
2021-04-18 14:44:35.489  INFO 25216 --- [restartedMain] pertySourcedRequestMappingHandlerMapping : Mapped URL path [/v2/api-docs] onto method [springfox.documentation.swagger2.web.Swagger2Controller#getDocumentation(String, HttpServletRequest)]
2021-04-18 14:44:35.559  INFO 25216 --- [restartedMain] o.s.s.concurrent.ThreadPoolTaskExecutor  : Initializing ExecutorService 'applicationTaskExecutor'
2021-04-18 14:44:35.937  INFO 25216 --- [restartedMain] o.s.b.w.embedded.tomcat.TomcatWebServer  : Tomcat started on port(s): 8070 (http) with context path ''
2021-04-18 14:44:35.937  INFO 25216 --- [restartedMain] d.s.w.p.DocumentationPluginsBootstrapper : Context refreshed
2021-04-18 14:44:35.952  INFO 25216 --- [restartedMain] d.s.w.p.DocumentationPluginsBootstrapper : Found 1 custom documentation plugin(s)
2021-04-18 14:44:35.969  INFO 25216 --- [restartedMain] s.d.s.w.s.ApiListingReferenceScanner     : Scanning for api listing references
2021-04-18 14:44:36.122  INFO 25216 --- [restartedMain] .d.s.w.r.o.CachingOperationNameGenerator : Generating unique operation named: getfindByIdUsingGET_1
2021-04-18 14:44:36.123  INFO 25216 --- [restartedMain] .d.s.w.r.o.CachingOperationNameGenerator : Generating unique operation named: removeByIdUsingDELETE_1
2021-04-18 14:44:36.143  INFO 25216 --- [restartedMain] .d.s.w.r.o.CachingOperationNameGenerator : Generating unique operation named: countRecordsUsingGET_1
2021-04-18 14:44:36.179  INFO 25216 --- [restartedMain] c.c.s.SurveyportalApplication            : Started SurveyportalApplication in 4.903 seconds (JVM running for 5.324)
2021-04-18 14:46:08.775  INFO 25216 --- [http-nio-8070-exec-1] o.a.c.c.C.[Tomcat].[localhost].[/]       : Initializing Spring DispatcherServlet 'dispatcherServlet'
2021-04-18 14:46:08.776  INFO 25216 --- [http-nio-8070-exec-1] o.s.web.servlet.DispatcherServlet        : Initializing Servlet 'dispatcherServlet'
2021-04-18 14:46:08.778  INFO 25216 --- [http-nio-8070-exec-1] o.s.web.servlet.DispatcherServlet        : Completed initialization in 1 ms
2021-04-18 14:47:03.688 ERROR 25216 --- [http-nio-8070-exec-5] o.a.c.c.C.[.[.[/].[dispatcherServlet]    : Servlet.service() for servlet [dispatcherServlet] in context with path [] threw exception [Request processing failed; nested exception is java.lang.IndexOutOfBoundsException: Index 0 out of bounds for length 0] with root cause

java.lang.IndexOutOfBoundsException: Index 0 out of bounds for length 0
	at java.base/jdk.internal.util.Preconditions.outOfBounds(Preconditions.java:64) ~[na:na]
	at java.base/jdk.internal.util.Preconditions.outOfBoundsCheckIndex(Preconditions.java:70) ~[na:na]
	at java.base/jdk.internal.util.Preconditions.checkIndex(Preconditions.java:248) ~[na:na]
	at java.base/java.util.Objects.checkIndex(Objects.java:373) ~[na:na]
	at java.base/java.util.ArrayList.get(ArrayList.java:425) ~[na:na]
	at com.cg.surveyportal.servicesimpl.TopicServiceImpl.getSurveyCountOnTopic(TopicServiceImpl.java:95) ~[main/:na]
	at com.cg.surveyportal.controllers.TopicController.getSurveyDoneOnTopic(TopicController.java:97) ~[main/:na]
	at java.base/jdk.internal.reflect.NativeMethodAccessorImpl.invoke0(Native Method) ~[na:na]
	at java.base/jdk.internal.reflect.NativeMethodAccessorImpl.invoke(NativeMethodAccessorImpl.java:62) ~[na:na]
	at java.base/jdk.internal.reflect.DelegatingMethodAccessorImpl.invoke(DelegatingMethodAccessorImpl.java:43) ~[na:na]
	at java.base/java.lang.reflect.Method.invoke(Method.java:567) ~[na:na]
	at org.springframework.web.method.support.InvocableHandlerMethod.doInvoke(InvocableHandlerMethod.java:197) ~[spring-web-5.3.5.jar:5.3.5]
	at org.springframework.web.method.support.InvocableHandlerMethod.invokeForRequest(InvocableHandlerMethod.java:141) ~[spring-web-5.3.5.jar:5.3.5]
	at org.springframework.web.servlet.mvc.method.annotation.ServletInvocableHandlerMethod.invokeAndHandle(ServletInvocableHandlerMethod.java:106) ~[spring-webmvc-5.3.5.jar:5.3.5]
	at org.springframework.web.servlet.mvc.method.annotation.RequestMappingHandlerAdapter.invokeHandlerMethod(RequestMappingHandlerAdapter.java:894) ~[spring-webmvc-5.3.5.jar:5.3.5]
	at org.springframework.web.servlet.mvc.method.annotation.RequestMappingHandlerAdapter.handleInternal(RequestMappingHandlerAdapter.java:808) ~[spring-webmvc-5.3.5.jar:5.3.5]
	at org.springframework.web.servlet.mvc.method.AbstractHandlerMethodAdapter.handle(AbstractHandlerMethodAdapter.java:87) ~[spring-webmvc-5.3.5.jar:5.3.5]
	at org.springframework.web.servlet.DispatcherServlet.doDispatch(DispatcherServlet.java:1060) ~[spring-webmvc-5.3.5.jar:5.3.5]
	at org.springframework.web.servlet.DispatcherServlet.doService(DispatcherServlet.java:962) ~[spring-webmvc-5.3.5.jar:5.3.5]
	at org.springframework.web.servlet.FrameworkServlet.processRequest(FrameworkServlet.java:1006) ~[spring-webmvc-5.3.5.jar:5.3.5]
	at org.springframework.web.servlet.FrameworkServlet.doGet(FrameworkServlet.java:898) ~[spring-webmvc-5.3.5.jar:5.3.5]
	at javax.servlet.http.HttpServlet.service(HttpServlet.java:626) ~[tomcat-embed-core-9.0.44.jar:4.0.FR]
	at org.springframework.web.servlet.FrameworkServlet.service(FrameworkServlet.java:883) ~[spring-webmvc-5.3.5.jar:5.3.5]
	at javax.servlet.http.HttpServlet.service(HttpServlet.java:733) ~[tomcat-embed-core-9.0.44.jar:4.0.FR]
	at org.apache.catalina.core.ApplicationFilterChain.internalDoFilter(ApplicationFilterChain.java:227) ~[tomcat-embed-core-9.0.44.jar:9.0.44]
	at org.apache.catalina.core.ApplicationFilterChain.doFilter(ApplicationFilterChain.java:162) ~[tomcat-embed-core-9.0.44.jar:9.0.44]
	at org.apache.tomcat.websocket.server.WsFilter.doFilter(WsFilter.java:53) ~[tomcat-embed-websocket-9.0.44.jar:9.0.44]
	at org.apache.catalina.core.ApplicationFilterChain.internalDoFilter(ApplicationFilterChain.java:189) ~[tomcat-embed-core-9.0.44.jar:9.0.44]
	at org.apache.catalina.core.ApplicationFilterChain.doFilter(ApplicationFilterChain.java:162) ~[tomcat-embed-core-9.0.44.jar:9.0.44]
	at org.springframework.web.filter.RequestContextFilter.doFilterInternal(RequestContextFilter.java:100) ~[spring-web-5.3.5.jar:5.3.5]
	at org.springframework.web.filter.OncePerRequestFilter.doFilter(OncePerRequestFilter.java:119) ~[spring-web-5.3.5.jar:5.3.5]
	at org.apache.catalina.core.ApplicationFilterChain.internalDoFilter(ApplicationFilterChain.java:189) ~[tomcat-embed-core-9.0.44.jar:9.0.44]
	at org.apache.catalina.core.ApplicationFilterChain.doFilter(ApplicationFilterChain.java:162) ~[tomcat-embed-core-9.0.44.jar:9.0.44]
	at org.springframework.web.filter.FormContentFilter.doFilterInternal(FormContentFilter.java:93) ~[spring-web-5.3.5.jar:5.3.5]
	at org.springframework.web.filter.OncePerRequestFilter.doFilter(OncePerRequestFilter.java:119) ~[spring-web-5.3.5.jar:5.3.5]
	at org.apache.catalina.core.ApplicationFilterChain.internalDoFilter(ApplicationFilterChain.java:189) ~[tomcat-embed-core-9.0.44.jar:9.0.44]
	at org.apache.catalina.core.ApplicationFilterChain.doFilter(ApplicationFilterChain.java:162) ~[tomcat-embed-core-9.0.44.jar:9.0.44]
	at org.springframework.web.filter.CharacterEncodingFilter.doFilterInternal(CharacterEncodingFilter.java:201) ~[spring-web-5.3.5.jar:5.3.5]
	at org.springframework.web.filter.OncePerRequestFilter.doFilter(OncePerRequestFilter.java:119) ~[spring-web-5.3.5.jar:5.3.5]
	at org.apache.catalina.core.ApplicationFilterChain.internalDoFilter(ApplicationFilterChain.java:189) ~[tomcat-embed-core-9.0.44.jar:9.0.44]
	at org.apache.catalina.core.ApplicationFilterChain.doFilter(ApplicationFilterChain.java:162) ~[tomcat-embed-core-9.0.44.jar:9.0.44]
	at org.apache.catalina.core.StandardWrapperValve.invoke(StandardWrapperValve.java:202) ~[tomcat-embed-core-9.0.44.jar:9.0.44]
	at org.apache.catalina.core.StandardContextValve.invoke(StandardContextValve.java:97) ~[tomcat-embed-core-9.0.44.jar:9.0.44]
	at org.apache.catalina.authenticator.AuthenticatorBase.invoke(AuthenticatorBase.java:542) ~[tomcat-embed-core-9.0.44.jar:9.0.44]
	at org.apache.catalina.core.StandardHostValve.invoke(StandardHostValve.java:143) ~[tomcat-embed-core-9.0.44.jar:9.0.44]
	at org.apache.catalina.valves.ErrorReportValve.invoke(ErrorReportValve.java:92) ~[tomcat-embed-core-9.0.44.jar:9.0.44]
	at org.apache.catalina.core.StandardEngineValve.invoke(StandardEngineValve.java:78) ~[tomcat-embed-core-9.0.44.jar:9.0.44]
	at org.apache.catalina.connector.CoyoteAdapter.service(CoyoteAdapter.java:357) ~[tomcat-embed-core-9.0.44.jar:9.0.44]
	at org.apache.coyote.http11.Http11Processor.service(Http11Processor.java:374) ~[tomcat-embed-core-9.0.44.jar:9.0.44]
	at org.apache.coyote.AbstractProcessorLight.process(AbstractProcessorLight.java:65) ~[tomcat-embed-core-9.0.44.jar:9.0.44]
	at org.apache.coyote.AbstractProtocol$ConnectionHandler.process(AbstractProtocol.java:893) ~[tomcat-embed-core-9.0.44.jar:9.0.44]
	at org.apache.tomcat.util.net.NioEndpoint$SocketProcessor.doRun(NioEndpoint.java:1707) ~[tomcat-embed-core-9.0.44.jar:9.0.44]
	at org.apache.tomcat.util.net.SocketProcessorBase.run(SocketProcessorBase.java:49) ~[tomcat-embed-core-9.0.44.jar:9.0.44]
	at java.base/java.util.concurrent.ThreadPoolExecutor.runWorker(ThreadPoolExecutor.java:1128) ~[na:na]
	at java.base/java.util.concurrent.ThreadPoolExecutor$Worker.run(ThreadPoolExecutor.java:628) ~[na:na]
	at org.apache.tomcat.util.threads.TaskThread$WrappingRunnable.run(TaskThread.java:61) ~[tomcat-embed-core-9.0.44.jar:9.0.44]
	at java.base/java.lang.Thread.run(Thread.java:830) ~[na:na]

2021-04-18 18:30:32.256  INFO 7804 --- [restartedMain] c.c.s.SurveyportalApplication            : Starting SurveyportalApplication using Java 13.0.2 on Predator with PID 7804 (C:\Users\P_Moitra\git\repository\surveyportal\com-cg-surveyportal\bin\main started by P_Moitra in C:\Users\P_Moitra\git\repository\surveyportal\com-cg-surveyportal)
2021-04-18 18:30:32.260  INFO 7804 --- [restartedMain] c.c.s.SurveyportalApplication            : No active profile set, falling back to default profiles: default
2021-04-18 18:30:32.312  INFO 7804 --- [restartedMain] o.s.b.devtools.restart.ChangeableUrls    : The Class-Path manifest attribute in C:\Users\P_Moitra\.gradle\caches\modules-2\files-2.1\com.oracle.database.jdbc\ojdbc8\19.8.0.0\df9cff9b91c47d06b9a0482d566ee2d83a03e586\ojdbc8-19.8.0.0.jar referenced one or more files that do not exist: file:/C:/Users/P_Moitra/.gradle/caches/modules-2/files-2.1/com.oracle.database.jdbc/ojdbc8/19.8.0.0/df9cff9b91c47d06b9a0482d566ee2d83a03e586/oraclepki.jar
2021-04-18 18:30:32.313  INFO 7804 --- [restartedMain] .e.DevToolsPropertyDefaultsPostProcessor : Devtools property defaults active! Set 'spring.devtools.add-properties' to 'false' to disable
2021-04-18 18:30:32.313  INFO 7804 --- [restartedMain] .e.DevToolsPropertyDefaultsPostProcessor : For additional web related logging consider setting the 'logging.level.web' property to 'DEBUG'
2021-04-18 18:30:33.322  INFO 7804 --- [restartedMain] .s.d.r.c.RepositoryConfigurationDelegate : Bootstrapping Spring Data JPA repositories in DEFAULT mode.
2021-04-18 18:30:33.455  INFO 7804 --- [restartedMain] .s.d.r.c.RepositoryConfigurationDelegate : Finished Spring Data repository scanning in 124 ms. Found 7 JPA repository interfaces.
2021-04-18 18:30:34.442  INFO 7804 --- [restartedMain] o.s.b.w.embedded.tomcat.TomcatWebServer  : Tomcat initialized with port(s): 8070 (http)
2021-04-18 18:30:34.554  INFO 7804 --- [restartedMain] o.apache.catalina.core.StandardService   : Starting service [Tomcat]
2021-04-18 18:30:34.555  INFO 7804 --- [restartedMain] org.apache.catalina.core.StandardEngine  : Starting Servlet engine: [Apache Tomcat/9.0.44]
2021-04-18 18:30:34.799  INFO 7804 --- [restartedMain] o.a.c.c.C.[Tomcat].[localhost].[/]       : Initializing Spring embedded WebApplicationContext
2021-04-18 18:30:34.799  INFO 7804 --- [restartedMain] w.s.c.ServletWebServerApplicationContext : Root WebApplicationContext: initialization completed in 2485 ms
2021-04-18 18:30:35.070  INFO 7804 --- [restartedMain] o.hibernate.jpa.internal.util.LogHelper  : HHH000204: Processing PersistenceUnitInfo [name: default]
2021-04-18 18:30:35.121  INFO 7804 --- [restartedMain] org.hibernate.Version                    : HHH000412: Hibernate ORM core version 5.4.29.Final
2021-04-18 18:30:35.299  INFO 7804 --- [restartedMain] o.hibernate.annotations.common.Version   : HCANN000001: Hibernate Commons Annotations {5.1.2.Final}
2021-04-18 18:30:35.413  INFO 7804 --- [restartedMain] com.zaxxer.hikari.HikariDataSource       : HikariPool-1 - Starting...
2021-04-18 18:30:35.752  INFO 7804 --- [restartedMain] com.zaxxer.hikari.HikariDataSource       : HikariPool-1 - Start completed.
2021-04-18 18:30:35.779  INFO 7804 --- [restartedMain] org.hibernate.dialect.Dialect            : HHH000400: Using dialect: org.hibernate.dialect.Oracle10gDialect
2021-04-18 18:30:38.328  INFO 7804 --- [restartedMain] o.h.e.t.j.p.i.JtaPlatformInitiator       : HHH000490: Using JtaPlatform implementation: [org.hibernate.engine.transaction.jta.platform.internal.NoJtaPlatform]
2021-04-18 18:30:38.338  INFO 7804 --- [restartedMain] j.LocalContainerEntityManagerFactoryBean : Initialized JPA EntityManagerFactory for persistence unit 'default'
2021-04-18 18:30:38.456  INFO 7804 --- [restartedMain] o.s.b.d.a.OptionalLiveReloadServer       : LiveReload server is running on port 35729
2021-04-18 18:30:39.186  WARN 7804 --- [restartedMain] JpaBaseConfiguration$JpaWebConfiguration : spring.jpa.open-in-view is enabled by default. Therefore, database queries may be performed during view rendering. Explicitly configure spring.jpa.open-in-view to disable this warning
2021-04-18 18:30:39.352  INFO 7804 --- [restartedMain] pertySourcedRequestMappingHandlerMapping : Mapped URL path [/v2/api-docs] onto method [springfox.documentation.swagger2.web.Swagger2Controller#getDocumentation(String, HttpServletRequest)]
2021-04-18 18:30:39.436  INFO 7804 --- [restartedMain] o.s.s.concurrent.ThreadPoolTaskExecutor  : Initializing ExecutorService 'applicationTaskExecutor'
2021-04-18 18:30:39.876  INFO 7804 --- [restartedMain] o.s.b.w.embedded.tomcat.TomcatWebServer  : Tomcat started on port(s): 8070 (http) with context path ''
2021-04-18 18:30:39.877  INFO 7804 --- [restartedMain] d.s.w.p.DocumentationPluginsBootstrapper : Context refreshed
2021-04-18 18:30:39.895  INFO 7804 --- [restartedMain] d.s.w.p.DocumentationPluginsBootstrapper : Found 1 custom documentation plugin(s)
2021-04-18 18:30:39.916  INFO 7804 --- [restartedMain] s.d.s.w.s.ApiListingReferenceScanner     : Scanning for api listing references
2021-04-18 18:30:40.082  INFO 7804 --- [restartedMain] .d.s.w.r.o.CachingOperationNameGenerator : Generating unique operation named: getfindByIdUsingGET_1
2021-04-18 18:30:40.083  INFO 7804 --- [restartedMain] .d.s.w.r.o.CachingOperationNameGenerator : Generating unique operation named: removeByIdUsingDELETE_1
2021-04-18 18:30:40.118  INFO 7804 --- [restartedMain] .d.s.w.r.o.CachingOperationNameGenerator : Generating unique operation named: countRecordsUsingGET_1
2021-04-18 18:30:40.168  INFO 7804 --- [restartedMain] c.c.s.SurveyportalApplication            : Started SurveyportalApplication in 8.324 seconds (JVM running for 9.158)
2021-04-18 18:32:34.973  INFO 7804 --- [Thread-8] o.s.s.concurrent.ThreadPoolTaskExecutor  : Shutting down ExecutorService 'applicationTaskExecutor'
2021-04-18 18:32:34.979  INFO 7804 --- [Thread-8] j.LocalContainerEntityManagerFactoryBean : Closing JPA EntityManagerFactory for persistence unit 'default'
2021-04-18 18:32:34.983  INFO 7804 --- [Thread-8] com.zaxxer.hikari.HikariDataSource       : HikariPool-1 - Shutdown initiated...
2021-04-18 18:32:34.991  INFO 7804 --- [Thread-8] com.zaxxer.hikari.HikariDataSource       : HikariPool-1 - Shutdown completed.
2021-04-18 18:32:35.389  INFO 7804 --- [restartedMain] c.c.s.SurveyportalApplication            : Starting SurveyportalApplication using Java 13.0.2 on Predator with PID 7804 (C:\Users\P_Moitra\git\repository\surveyportal\com-cg-surveyportal\bin\main started by P_Moitra in C:\Users\P_Moitra\git\repository\surveyportal\com-cg-surveyportal)
2021-04-18 18:32:35.390  INFO 7804 --- [restartedMain] c.c.s.SurveyportalApplication            : No active profile set, falling back to default profiles: default
2021-04-18 18:32:35.827  INFO 7804 --- [restartedMain] .s.d.r.c.RepositoryConfigurationDelegate : Bootstrapping Spring Data JPA repositories in DEFAULT mode.
2021-04-18 18:32:35.865  INFO 7804 --- [restartedMain] .s.d.r.c.RepositoryConfigurationDelegate : Finished Spring Data repository scanning in 37 ms. Found 7 JPA repository interfaces.
2021-04-18 18:32:35.965  INFO 7804 --- [restartedMain] o.s.b.w.embedded.tomcat.TomcatWebServer  : Tomcat initialized with port(s): 8070 (http)
2021-04-18 18:32:35.967  INFO 7804 --- [restartedMain] o.apache.catalina.core.StandardService   : Starting service [Tomcat]
2021-04-18 18:32:35.967  INFO 7804 --- [restartedMain] org.apache.catalina.core.StandardEngine  : Starting Servlet engine: [Apache Tomcat/9.0.44]
2021-04-18 18:32:35.990  INFO 7804 --- [restartedMain] o.a.c.c.C.[Tomcat].[localhost].[/]       : Initializing Spring embedded WebApplicationContext
2021-04-18 18:32:35.991  INFO 7804 --- [restartedMain] w.s.c.ServletWebServerApplicationContext : Root WebApplicationContext: initialization completed in 592 ms
2021-04-18 18:32:36.032  INFO 7804 --- [restartedMain] o.hibernate.jpa.internal.util.LogHelper  : HHH000204: Processing PersistenceUnitInfo [name: default]
2021-04-18 18:32:36.038  INFO 7804 --- [restartedMain] com.zaxxer.hikari.HikariDataSource       : HikariPool-2 - Starting...
2021-04-18 18:32:36.055  INFO 7804 --- [restartedMain] com.zaxxer.hikari.HikariDataSource       : HikariPool-2 - Start completed.
2021-04-18 18:32:36.056  INFO 7804 --- [restartedMain] org.hibernate.dialect.Dialect            : HHH000400: Using dialect: org.hibernate.dialect.Oracle10gDialect
2021-04-18 18:32:36.205  INFO 7804 --- [restartedMain] o.h.e.t.j.p.i.JtaPlatformInitiator       : HHH000490: Using JtaPlatform implementation: [org.hibernate.engine.transaction.jta.platform.internal.NoJtaPlatform]
2021-04-18 18:32:36.205  INFO 7804 --- [restartedMain] j.LocalContainerEntityManagerFactoryBean : Initialized JPA EntityManagerFactory for persistence unit 'default'
2021-04-18 18:32:36.213  INFO 7804 --- [restartedMain] o.s.b.d.a.OptionalLiveReloadServer       : LiveReload server is running on port 35729
2021-04-18 18:32:36.410  WARN 7804 --- [restartedMain] JpaBaseConfiguration$JpaWebConfiguration : spring.jpa.open-in-view is enabled by default. Therefore, database queries may be performed during view rendering. Explicitly configure spring.jpa.open-in-view to disable this warning
2021-04-18 18:32:36.446  INFO 7804 --- [restartedMain] pertySourcedRequestMappingHandlerMapping : Mapped URL path [/v2/api-docs] onto method [springfox.documentation.swagger2.web.Swagger2Controller#getDocumentation(String, HttpServletRequest)]
2021-04-18 18:32:36.479  INFO 7804 --- [restartedMain] o.s.s.concurrent.ThreadPoolTaskExecutor  : Initializing ExecutorService 'applicationTaskExecutor'
2021-04-18 18:32:36.524  INFO 7804 --- [restartedMain] o.s.b.w.embedded.tomcat.TomcatWebServer  : Tomcat started on port(s): 8070 (http) with context path ''
2021-04-18 18:32:36.525  INFO 7804 --- [restartedMain] d.s.w.p.DocumentationPluginsBootstrapper : Context refreshed
2021-04-18 18:32:36.526  INFO 7804 --- [restartedMain] d.s.w.p.DocumentationPluginsBootstrapper : Found 1 custom documentation plugin(s)
2021-04-18 18:32:36.530  INFO 7804 --- [restartedMain] s.d.s.w.s.ApiListingReferenceScanner     : Scanning for api listing references
2021-04-18 18:32:36.575  INFO 7804 --- [restartedMain] .d.s.w.r.o.CachingOperationNameGenerator : Generating unique operation named: getfindByIdUsingGET_1
2021-04-18 18:32:36.576  INFO 7804 --- [restartedMain] .d.s.w.r.o.CachingOperationNameGenerator : Generating unique operation named: removeByIdUsingDELETE_1
2021-04-18 18:32:36.594  INFO 7804 --- [restartedMain] .d.s.w.r.o.CachingOperationNameGenerator : Generating unique operation named: countRecordsUsingGET_1
2021-04-18 18:32:36.620  INFO 7804 --- [restartedMain] c.c.s.SurveyportalApplication            : Started SurveyportalApplication in 1.34 seconds (JVM running for 125.61)
2021-04-18 18:32:36.622  INFO 7804 --- [restartedMain] .ConditionEvaluationDeltaLoggingListener : Condition evaluation unchanged
2021-04-18 18:32:58.955  INFO 7804 --- [http-nio-8070-exec-1] o.a.c.c.C.[Tomcat].[localhost].[/]       : Initializing Spring DispatcherServlet 'dispatcherServlet'
2021-04-18 18:32:58.959  INFO 7804 --- [http-nio-8070-exec-1] o.s.web.servlet.DispatcherServlet        : Initializing Servlet 'dispatcherServlet'
2021-04-18 18:32:58.964  INFO 7804 --- [http-nio-8070-exec-1] o.s.web.servlet.DispatcherServlet        : Completed initialization in 4 ms
2021-04-18 18:34:55.268  WARN 7804 --- [http-nio-8070-exec-7] .m.m.a.ExceptionHandlerExceptionResolver : Resolved [com.cg.surveyportal.exceptions.ParticipantNotFoundException: Invalid ParticipantId]
2021-04-18 18:36:40.556  WARN 7804 --- [http-nio-8070-exec-1] .w.s.m.s.DefaultHandlerExceptionResolver : Resolved [org.springframework.web.HttpRequestMethodNotSupportedException: Request method 'GET' not supported]
2021-04-18 18:38:08.260  INFO 7804 --- [Thread-12] o.s.s.concurrent.ThreadPoolTaskExecutor  : Shutting down ExecutorService 'applicationTaskExecutor'
2021-04-18 18:38:08.264  INFO 7804 --- [Thread-12] j.LocalContainerEntityManagerFactoryBean : Closing JPA EntityManagerFactory for persistence unit 'default'
2021-04-18 18:38:08.266  INFO 7804 --- [Thread-12] com.zaxxer.hikari.HikariDataSource       : HikariPool-2 - Shutdown initiated...
2021-04-18 18:38:08.283  INFO 7804 --- [Thread-12] com.zaxxer.hikari.HikariDataSource       : HikariPool-2 - Shutdown completed.
2021-04-18 18:38:08.388  INFO 7804 --- [restartedMain] c.c.s.SurveyportalApplication            : Starting SurveyportalApplication using Java 13.0.2 on Predator with PID 7804 (C:\Users\P_Moitra\git\repository\surveyportal\com-cg-surveyportal\bin\main started by P_Moitra in C:\Users\P_Moitra\git\repository\surveyportal\com-cg-surveyportal)
2021-04-18 18:38:08.389  INFO 7804 --- [restartedMain] c.c.s.SurveyportalApplication            : No active profile set, falling back to default profiles: default
2021-04-18 18:38:08.688  INFO 7804 --- [restartedMain] .s.d.r.c.RepositoryConfigurationDelegate : Bootstrapping Spring Data JPA repositories in DEFAULT mode.
2021-04-18 18:38:08.721  INFO 7804 --- [restartedMain] .s.d.r.c.RepositoryConfigurationDelegate : Finished Spring Data repository scanning in 32 ms. Found 7 JPA repository interfaces.
2021-04-18 18:38:08.808  INFO 7804 --- [restartedMain] o.s.b.w.embedded.tomcat.TomcatWebServer  : Tomcat initialized with port(s): 8070 (http)
2021-04-18 18:38:08.809  INFO 7804 --- [restartedMain] o.apache.catalina.core.StandardService   : Starting service [Tomcat]
2021-04-18 18:38:08.809  INFO 7804 --- [restartedMain] org.apache.catalina.core.StandardEngine  : Starting Servlet engine: [Apache Tomcat/9.0.44]
2021-04-18 18:38:08.831  INFO 7804 --- [restartedMain] o.a.c.c.C.[Tomcat].[localhost].[/]       : Initializing Spring embedded WebApplicationContext
2021-04-18 18:38:08.831  INFO 7804 --- [restartedMain] w.s.c.ServletWebServerApplicationContext : Root WebApplicationContext: initialization completed in 439 ms
2021-04-18 18:38:08.864  INFO 7804 --- [restartedMain] o.hibernate.jpa.internal.util.LogHelper  : HHH000204: Processing PersistenceUnitInfo [name: default]
2021-04-18 18:38:08.871  INFO 7804 --- [restartedMain] com.zaxxer.hikari.HikariDataSource       : HikariPool-3 - Starting...
2021-04-18 18:38:08.886  INFO 7804 --- [restartedMain] com.zaxxer.hikari.HikariDataSource       : HikariPool-3 - Start completed.
2021-04-18 18:38:08.887  INFO 7804 --- [restartedMain] org.hibernate.dialect.Dialect            : HHH000400: Using dialect: org.hibernate.dialect.Oracle10gDialect
2021-04-18 18:38:09.002  INFO 7804 --- [restartedMain] o.h.e.t.j.p.i.JtaPlatformInitiator       : HHH000490: Using JtaPlatform implementation: [org.hibernate.engine.transaction.jta.platform.internal.NoJtaPlatform]
2021-04-18 18:38:09.003  INFO 7804 --- [restartedMain] j.LocalContainerEntityManagerFactoryBean : Initialized JPA EntityManagerFactory for persistence unit 'default'
2021-04-18 18:38:09.009  INFO 7804 --- [restartedMain] o.s.b.d.a.OptionalLiveReloadServer       : LiveReload server is running on port 35729
2021-04-18 18:38:09.205  WARN 7804 --- [restartedMain] JpaBaseConfiguration$JpaWebConfiguration : spring.jpa.open-in-view is enabled by default. Therefore, database queries may be performed during view rendering. Explicitly configure spring.jpa.open-in-view to disable this warning
2021-04-18 18:38:09.237  INFO 7804 --- [restartedMain] pertySourcedRequestMappingHandlerMapping : Mapped URL path [/v2/api-docs] onto method [springfox.documentation.swagger2.web.Swagger2Controller#getDocumentation(String, HttpServletRequest)]
2021-04-18 18:38:09.263  INFO 7804 --- [restartedMain] o.s.s.concurrent.ThreadPoolTaskExecutor  : Initializing ExecutorService 'applicationTaskExecutor'
2021-04-18 18:38:09.304  INFO 7804 --- [restartedMain] o.s.b.w.embedded.tomcat.TomcatWebServer  : Tomcat started on port(s): 8070 (http) with context path ''
2021-04-18 18:38:09.305  INFO 7804 --- [restartedMain] d.s.w.p.DocumentationPluginsBootstrapper : Context refreshed
2021-04-18 18:38:09.305  INFO 7804 --- [restartedMain] d.s.w.p.DocumentationPluginsBootstrapper : Found 1 custom documentation plugin(s)
2021-04-18 18:38:09.309  INFO 7804 --- [restartedMain] s.d.s.w.s.ApiListingReferenceScanner     : Scanning for api listing references
2021-04-18 18:38:09.351  INFO 7804 --- [restartedMain] .d.s.w.r.o.CachingOperationNameGenerator : Generating unique operation named: getfindByIdUsingGET_1
2021-04-18 18:38:09.352  INFO 7804 --- [restartedMain] .d.s.w.r.o.CachingOperationNameGenerator : Generating unique operation named: removeByIdUsingDELETE_1
2021-04-18 18:38:09.366  INFO 7804 --- [restartedMain] .d.s.w.r.o.CachingOperationNameGenerator : Generating unique operation named: countRecordsUsingGET_1
2021-04-18 18:38:09.389  INFO 7804 --- [restartedMain] c.c.s.SurveyportalApplication            : Started SurveyportalApplication in 1.032 seconds (JVM running for 458.379)
2021-04-18 18:38:09.391  INFO 7804 --- [restartedMain] .ConditionEvaluationDeltaLoggingListener : Condition evaluation unchanged
2021-04-18 18:38:28.132  INFO 7804 --- [http-nio-8070-exec-2] o.a.c.c.C.[Tomcat].[localhost].[/]       : Initializing Spring DispatcherServlet 'dispatcherServlet'
2021-04-18 18:38:28.134  INFO 7804 --- [http-nio-8070-exec-2] o.s.web.servlet.DispatcherServlet        : Initializing Servlet 'dispatcherServlet'
2021-04-18 18:38:28.136  INFO 7804 --- [http-nio-8070-exec-2] o.s.web.servlet.DispatcherServlet        : Completed initialization in 2 ms
2021-04-18 18:38:48.794  INFO 7804 --- [Thread-25] o.s.s.concurrent.ThreadPoolTaskExecutor  : Shutting down ExecutorService 'applicationTaskExecutor'
2021-04-18 18:38:48.804  INFO 7804 --- [Thread-25] j.LocalContainerEntityManagerFactoryBean : Closing JPA EntityManagerFactory for persistence unit 'default'
2021-04-18 18:38:48.807  INFO 7804 --- [Thread-25] com.zaxxer.hikari.HikariDataSource       : HikariPool-3 - Shutdown initiated...
2021-04-18 18:38:48.827  INFO 7804 --- [Thread-25] com.zaxxer.hikari.HikariDataSource       : HikariPool-3 - Shutdown completed.
2021-04-18 18:38:49.016  INFO 7804 --- [restartedMain] c.c.s.SurveyportalApplication            : Starting SurveyportalApplication using Java 13.0.2 on Predator with PID 7804 (C:\Users\P_Moitra\git\repository\surveyportal\com-cg-surveyportal\bin\main started by P_Moitra in C:\Users\P_Moitra\git\repository\surveyportal\com-cg-surveyportal)
2021-04-18 18:38:49.016  INFO 7804 --- [restartedMain] c.c.s.SurveyportalApplication            : No active profile set, falling back to default profiles: default
2021-04-18 18:38:49.324  INFO 7804 --- [restartedMain] .s.d.r.c.RepositoryConfigurationDelegate : Bootstrapping Spring Data JPA repositories in DEFAULT mode.
2021-04-18 18:38:49.361  INFO 7804 --- [restartedMain] .s.d.r.c.RepositoryConfigurationDelegate : Finished Spring Data repository scanning in 36 ms. Found 7 JPA repository interfaces.
2021-04-18 18:38:49.448  INFO 7804 --- [restartedMain] o.s.b.w.embedded.tomcat.TomcatWebServer  : Tomcat initialized with port(s): 8070 (http)
2021-04-18 18:38:49.449  INFO 7804 --- [restartedMain] o.apache.catalina.core.StandardService   : Starting service [Tomcat]
2021-04-18 18:38:49.449  INFO 7804 --- [restartedMain] org.apache.catalina.core.StandardEngine  : Starting Servlet engine: [Apache Tomcat/9.0.44]
2021-04-18 18:38:49.472  INFO 7804 --- [restartedMain] o.a.c.c.C.[Tomcat].[localhost].[/]       : Initializing Spring embedded WebApplicationContext
2021-04-18 18:38:49.472  INFO 7804 --- [restartedMain] w.s.c.ServletWebServerApplicationContext : Root WebApplicationContext: initialization completed in 453 ms
2021-04-18 18:38:49.504  INFO 7804 --- [restartedMain] o.hibernate.jpa.internal.util.LogHelper  : HHH000204: Processing PersistenceUnitInfo [name: default]
2021-04-18 18:38:49.510  INFO 7804 --- [restartedMain] com.zaxxer.hikari.HikariDataSource       : HikariPool-4 - Starting...
2021-04-18 18:38:49.526  INFO 7804 --- [restartedMain] com.zaxxer.hikari.HikariDataSource       : HikariPool-4 - Start completed.
2021-04-18 18:38:49.526  INFO 7804 --- [restartedMain] org.hibernate.dialect.Dialect            : HHH000400: Using dialect: org.hibernate.dialect.Oracle10gDialect
2021-04-18 18:38:49.664  INFO 7804 --- [restartedMain] o.h.e.t.j.p.i.JtaPlatformInitiator       : HHH000490: Using JtaPlatform implementation: [org.hibernate.engine.transaction.jta.platform.internal.NoJtaPlatform]
2021-04-18 18:38:49.665  INFO 7804 --- [restartedMain] j.LocalContainerEntityManagerFactoryBean : Initialized JPA EntityManagerFactory for persistence unit 'default'
2021-04-18 18:38:49.672  INFO 7804 --- [restartedMain] o.s.b.d.a.OptionalLiveReloadServer       : LiveReload server is running on port 35729
2021-04-18 18:38:49.860  WARN 7804 --- [restartedMain] JpaBaseConfiguration$JpaWebConfiguration : spring.jpa.open-in-view is enabled by default. Therefore, database queries may be performed during view rendering. Explicitly configure spring.jpa.open-in-view to disable this warning
2021-04-18 18:38:49.888  INFO 7804 --- [restartedMain] pertySourcedRequestMappingHandlerMapping : Mapped URL path [/v2/api-docs] onto method [springfox.documentation.swagger2.web.Swagger2Controller#getDocumentation(String, HttpServletRequest)]
2021-04-18 18:38:49.913  INFO 7804 --- [restartedMain] o.s.s.concurrent.ThreadPoolTaskExecutor  : Initializing ExecutorService 'applicationTaskExecutor'
2021-04-18 18:38:49.952  INFO 7804 --- [restartedMain] o.s.b.w.embedded.tomcat.TomcatWebServer  : Tomcat started on port(s): 8070 (http) with context path ''
2021-04-18 18:38:49.953  INFO 7804 --- [restartedMain] d.s.w.p.DocumentationPluginsBootstrapper : Context refreshed
2021-04-18 18:38:49.954  INFO 7804 --- [restartedMain] d.s.w.p.DocumentationPluginsBootstrapper : Found 1 custom documentation plugin(s)
2021-04-18 18:38:49.958  INFO 7804 --- [restartedMain] s.d.s.w.s.ApiListingReferenceScanner     : Scanning for api listing references
2021-04-18 18:38:49.999  INFO 7804 --- [restartedMain] .d.s.w.r.o.CachingOperationNameGenerator : Generating unique operation named: getfindByIdUsingGET_1
2021-04-18 18:38:50.001  INFO 7804 --- [restartedMain] .d.s.w.r.o.CachingOperationNameGenerator : Generating unique operation named: removeByIdUsingDELETE_1
2021-04-18 18:38:50.016  INFO 7804 --- [restartedMain] .d.s.w.r.o.CachingOperationNameGenerator : Generating unique operation named: countRecordsUsingGET_1
2021-04-18 18:38:50.043  INFO 7804 --- [restartedMain] c.c.s.SurveyportalApplication            : Started SurveyportalApplication in 1.057 seconds (JVM running for 499.033)
2021-04-18 18:38:50.044  INFO 7804 --- [restartedMain] .ConditionEvaluationDeltaLoggingListener : Condition evaluation unchanged
2021-04-18 18:41:14.158  INFO 7804 --- [http-nio-8070-exec-2] o.a.c.c.C.[Tomcat].[localhost].[/]       : Initializing Spring DispatcherServlet 'dispatcherServlet'
2021-04-18 18:41:14.161  INFO 7804 --- [http-nio-8070-exec-2] o.s.web.servlet.DispatcherServlet        : Initializing Servlet 'dispatcherServlet'
2021-04-18 18:41:14.161  INFO 7804 --- [http-nio-8070-exec-2] o.s.web.servlet.DispatcherServlet        : Completed initialization in 0 ms
